2024-03-28 16:23:05.642  INFO 16012 --- [restartedMain] com.wey.BlogApplication                  : Starting BlogApplication on PC-202307121658 with PID 16012 (D:\Company\Hammer\New\blog\target\classes started by Administrator in D:\Company\Hammer\New\blog)
2024-03-28 16:23:05.644  INFO 16012 --- [restartedMain] com.wey.BlogApplication                  : No active profile set, falling back to default profiles: default
2024-03-28 16:23:07.791  WARN 16012 --- [restartedMain] org.thymeleaf.templatemode.TemplateMode  : [THYMELEAF][restartedMain] Template Mode 'HTML5' is deprecated. Using Template Mode 'HTML' instead.
2024-03-28 16:23:08.091  INFO 16012 --- [restartedMain] com.wey.BlogApplication                  : Started BlogApplication in 2.624 seconds (JVM running for 2.974)
2024-03-28 16:24:37.371  INFO 16012 --- [http-nio-9000-exec-1] com.wey.aspect.LogAspect                 : Request : {url='http://localhost:9000/', ip='0:0:0:0:0:0:0:1', classMethod='com.wey.controller.IndexController.index', args=[Page request [number: 0, size 6, sort: updateTime: DESC], {}]}
2024-03-28 16:24:37.406  WARN 16012 --- [http-nio-9000-exec-1] org.hibernate.orm.deprecation            : HHH90000016: Found use of deprecated 'collection property' syntax in HQL/JPQL query [null.size]; use collection function syntax instead [size(null)].
2024-03-28 16:24:37.410  WARN 16012 --- [http-nio-9000-exec-1] org.hibernate.orm.deprecation            : HHH90000016: Found use of deprecated 'collection property' syntax in HQL/JPQL query [null.size]; use collection function syntax instead [size(null)].
2024-03-28 16:24:37.414  INFO 16012 --- [http-nio-9000-exec-1] com.wey.aspect.LogAspect                 : Result : index
2024-03-28 16:24:50.313  INFO 16012 --- [http-nio-9000-exec-10] com.wey.aspect.LogAspect                 : Request : {url='http://localhost:9000/types/-1', ip='0:0:0:0:0:0:0:1', classMethod='com.wey.controller.TypeShowController.types', args=[Page request [number: 0, size 8, sort: updateTime: DESC], -1, {}]}
2024-03-28 16:24:50.341  INFO 16012 --- [http-nio-9000-exec-10] com.wey.aspect.LogAspect                 : Result : types
2024-03-28 16:24:52.268  INFO 16012 --- [http-nio-9000-exec-7] com.wey.aspect.LogAspect                 : Request : {url='http://localhost:9000/tags/-1', ip='0:0:0:0:0:0:0:1', classMethod='com.wey.controller.TagShowController.tags', args=[Page request [number: 0, size 8, sort: updateTime: DESC], -1, {}]}
2024-03-28 16:24:52.299  INFO 16012 --- [http-nio-9000-exec-7] com.wey.aspect.LogAspect                 : Result : tags
2024-03-28 16:24:53.861  INFO 16012 --- [http-nio-9000-exec-5] com.wey.aspect.LogAspect                 : Request : {url='http://localhost:9000/archives', ip='0:0:0:0:0:0:0:1', classMethod='com.wey.controller.ArchiveShowController.archives', args=[{}]}
2024-03-28 16:24:53.879  INFO 16012 --- [http-nio-9000-exec-5] com.wey.aspect.LogAspect                 : Result : archives
2024-03-28 16:24:55.557  INFO 16012 --- [http-nio-9000-exec-4] com.wey.aspect.LogAspect                 : Request : {url='http://localhost:9000/', ip='0:0:0:0:0:0:0:1', classMethod='com.wey.controller.IndexController.index', args=[Page request [number: 0, size 6, sort: updateTime: DESC], {}]}
2024-03-28 16:24:55.568  INFO 16012 --- [http-nio-9000-exec-4] com.wey.aspect.LogAspect                 : Result : index
2024-03-28 16:25:08.150  INFO 16012 --- [http-nio-9000-exec-5] com.wey.aspect.LogAspect                 : Request : {url='http://localhost:9000/archives', ip='0:0:0:0:0:0:0:1', classMethod='com.wey.controller.ArchiveShowController.archives', args=[{}]}
2024-03-28 16:25:08.166  INFO 16012 --- [http-nio-9000-exec-5] com.wey.aspect.LogAspect                 : Result : archives
2024-03-28 16:25:08.733  INFO 16012 --- [http-nio-9000-exec-5] com.wey.aspect.LogAspect                 : Request : {url='http://localhost:9000/types/-1', ip='0:0:0:0:0:0:0:1', classMethod='com.wey.controller.TypeShowController.types', args=[Page request [number: 0, size 8, sort: updateTime: DESC], -1, {}]}
2024-03-28 16:25:08.739  INFO 16012 --- [http-nio-9000-exec-5] com.wey.aspect.LogAspect                 : Result : types
2024-03-28 16:25:09.144  INFO 16012 --- [http-nio-9000-exec-3] com.wey.aspect.LogAspect                 : Request : {url='http://localhost:9000/', ip='0:0:0:0:0:0:0:1', classMethod='com.wey.controller.IndexController.index', args=[Page request [number: 0, size 6, sort: updateTime: DESC], {}]}
2024-03-28 16:25:09.151  INFO 16012 --- [http-nio-9000-exec-3] com.wey.aspect.LogAspect                 : Result : index
2024-03-28 16:28:10.069  INFO 16012 --- [http-nio-9000-exec-10] com.wey.aspect.LogAspect                 : Request : {url='http://localhost:9000/', ip='0:0:0:0:0:0:0:1', classMethod='com.wey.controller.IndexController.index', args=[Page request [number: 0, size 6, sort: updateTime: DESC], {}]}
2024-03-28 16:28:10.074  INFO 16012 --- [http-nio-9000-exec-10] com.wey.aspect.LogAspect                 : Result : index
2024-03-28 16:36:37.874  INFO 16012 --- [http-nio-9000-exec-6] com.wey.aspect.LogAspect                 : Request : {url='http://localhost:9000/blog/11', ip='0:0:0:0:0:0:0:1', classMethod='com.wey.controller.IndexController.blog', args=[11, {}]}
2024-03-28 16:36:37.911  INFO 16012 --- [http-nio-9000-exec-6] com.wey.aspect.LogAspect                 : Result : blog
2024-03-28 16:36:42.250  INFO 16012 --- [http-nio-9000-exec-1] com.wey.aspect.LogAspect                 : Request : {url='http://localhost:9000/blog/3', ip='0:0:0:0:0:0:0:1', classMethod='com.wey.controller.IndexController.blog', args=[3, {}]}
2024-03-28 16:36:42.259  INFO 16012 --- [http-nio-9000-exec-1] com.wey.aspect.LogAspect                 : Result : blog
2024-03-28 16:36:44.796  INFO 16012 --- [http-nio-9000-exec-6] com.wey.aspect.LogAspect                 : Request : {url='http://localhost:9000/blog/2', ip='0:0:0:0:0:0:0:1', classMethod='com.wey.controller.IndexController.blog', args=[2, {}]}
2024-03-28 16:36:44.802  INFO 16012 --- [http-nio-9000-exec-6] com.wey.aspect.LogAspect                 : Result : blog
2024-03-28 16:36:50.769  INFO 16012 --- [http-nio-9000-exec-7] com.wey.aspect.LogAspect                 : Request : {url='http://localhost:9000/blog/1', ip='0:0:0:0:0:0:0:1', classMethod='com.wey.controller.IndexController.blog', args=[1, {}]}
2024-03-28 16:36:50.774  INFO 16012 --- [http-nio-9000-exec-7] com.wey.aspect.LogAspect                 : Result : blog
2024-03-28 16:36:59.408  INFO 16012 --- [http-nio-9000-exec-5] com.wey.aspect.LogAspect                 : Request : {url='http://localhost:9000/', ip='0:0:0:0:0:0:0:1', classMethod='com.wey.controller.IndexController.index', args=[Page request [number: 0, size 6, sort: updateTime: DESC], {}]}
2024-03-28 16:36:59.413  INFO 16012 --- [http-nio-9000-exec-5] com.wey.aspect.LogAspect                 : Result : index
2024-03-28 16:37:06.614  INFO 16012 --- [http-nio-9000-exec-8] com.wey.aspect.LogAspect                 : Request : {url='http://localhost:9000/types/-1', ip='0:0:0:0:0:0:0:1', classMethod='com.wey.controller.TypeShowController.types', args=[Page request [number: 0, size 8, sort: updateTime: DESC], -1, {}]}
2024-03-28 16:37:06.619  INFO 16012 --- [http-nio-9000-exec-8] com.wey.aspect.LogAspect                 : Result : types
2024-03-28 16:37:15.978  INFO 16012 --- [http-nio-9000-exec-5] com.wey.aspect.LogAspect                 : Request : {url='http://localhost:9000/', ip='0:0:0:0:0:0:0:1', classMethod='com.wey.controller.IndexController.index', args=[Page request [number: 0, size 6, sort: updateTime: DESC], {}]}
2024-03-28 16:37:15.987  INFO 16012 --- [http-nio-9000-exec-5] com.wey.aspect.LogAspect                 : Result : index
2024-03-28 16:37:30.287  INFO 16012 --- [http-nio-9000-exec-10] com.wey.aspect.LogAspect                 : Request : {url='http://localhost:9000/types/-1', ip='0:0:0:0:0:0:0:1', classMethod='com.wey.controller.TypeShowController.types', args=[Page request [number: 0, size 8, sort: updateTime: DESC], -1, {}]}
2024-03-28 16:37:30.298  INFO 16012 --- [http-nio-9000-exec-10] com.wey.aspect.LogAspect                 : Result : types
2024-03-28 16:37:30.788  INFO 16012 --- [http-nio-9000-exec-10] com.wey.aspect.LogAspect                 : Request : {url='http://localhost:9000/tags/-1', ip='0:0:0:0:0:0:0:1', classMethod='com.wey.controller.TagShowController.tags', args=[Page request [number: 0, size 8, sort: updateTime: DESC], -1, {}]}
2024-03-28 16:37:30.793  INFO 16012 --- [http-nio-9000-exec-10] com.wey.aspect.LogAspect                 : Result : tags
2024-03-28 16:38:12.494  INFO 16012 --- [http-nio-9000-exec-9] com.wey.aspect.LogAspect                 : Request : {url='http://localhost:9000/archives', ip='0:0:0:0:0:0:0:1', classMethod='com.wey.controller.ArchiveShowController.archives', args=[{}]}
2024-03-28 16:38:12.502  INFO 16012 --- [http-nio-9000-exec-9] com.wey.aspect.LogAspect                 : Result : archives
2024-03-28 16:38:41.196  INFO 16012 --- [http-nio-9000-exec-9] com.wey.aspect.LogAspect                 : Request : {url='http://localhost:9000/blog/1', ip='0:0:0:0:0:0:0:1', classMethod='com.wey.controller.IndexController.blog', args=[1, {}]}
2024-03-28 16:38:41.200  INFO 16012 --- [http-nio-9000-exec-9] com.wey.aspect.LogAspect                 : Result : blog
2024-03-28 16:38:43.591  INFO 16012 --- [http-nio-9000-exec-1] com.wey.aspect.LogAspect                 : Request : {url='http://localhost:9000/archives', ip='0:0:0:0:0:0:0:1', classMethod='com.wey.controller.ArchiveShowController.archives', args=[{}]}
2024-03-28 16:38:43.600  INFO 16012 --- [http-nio-9000-exec-1] com.wey.aspect.LogAspect                 : Result : archives
2024-03-28 16:38:45.902  INFO 16012 --- [http-nio-9000-exec-4] com.wey.aspect.LogAspect                 : Request : {url='http://localhost:9000/types/-1', ip='0:0:0:0:0:0:0:1', classMethod='com.wey.controller.TypeShowController.types', args=[Page request [number: 0, size 8, sort: updateTime: DESC], -1, {}]}
2024-03-28 16:38:45.908  INFO 16012 --- [http-nio-9000-exec-4] com.wey.aspect.LogAspect                 : Result : types
2024-03-28 16:38:47.200  INFO 16012 --- [http-nio-9000-exec-3] com.wey.aspect.LogAspect                 : Request : {url='http://localhost:9000/blog/3', ip='0:0:0:0:0:0:0:1', classMethod='com.wey.controller.IndexController.blog', args=[3, {}]}
2024-03-28 16:38:47.206  INFO 16012 --- [http-nio-9000-exec-3] com.wey.aspect.LogAspect                 : Result : blog
2024-03-28 16:38:49.253  INFO 16012 --- [http-nio-9000-exec-1] com.wey.aspect.LogAspect                 : Request : {url='http://localhost:9000/types/-1', ip='0:0:0:0:0:0:0:1', classMethod='com.wey.controller.TypeShowController.types', args=[Page request [number: 0, size 8, sort: updateTime: DESC], -1, {}]}
2024-03-28 16:38:49.258  INFO 16012 --- [http-nio-9000-exec-1] com.wey.aspect.LogAspect                 : Result : types
2024-03-28 16:38:50.343  INFO 16012 --- [http-nio-9000-exec-1] com.wey.aspect.LogAspect                 : Request : {url='http://localhost:9000/blog/3', ip='0:0:0:0:0:0:0:1', classMethod='com.wey.controller.IndexController.blog', args=[3, {}]}
2024-03-28 16:38:50.348  INFO 16012 --- [http-nio-9000-exec-1] com.wey.aspect.LogAspect                 : Result : blog
2024-03-28 16:38:56.021  INFO 16012 --- [http-nio-9000-exec-8] com.wey.aspect.LogAspect                 : Request : {url='http://localhost:9000/types/-1', ip='0:0:0:0:0:0:0:1', classMethod='com.wey.controller.TypeShowController.types', args=[Page request [number: 0, size 8, sort: updateTime: DESC], -1, {}]}
2024-03-28 16:38:56.027  INFO 16012 --- [http-nio-9000-exec-8] com.wey.aspect.LogAspect                 : Result : types
2024-03-28 16:43:05.675  INFO 16012 --- [http-nio-9000-exec-10] com.wey.aspect.LogAspect                 : Request : {url='http://localhost:9000/', ip='0:0:0:0:0:0:0:1', classMethod='com.wey.controller.IndexController.index', args=[Page request [number: 0, size 6, sort: updateTime: DESC], {}]}
2024-03-28 16:43:05.681  INFO 16012 --- [http-nio-9000-exec-10] com.wey.aspect.LogAspect                 : Result : index
